DEBUG:root:
JaaSTeam 2015-04-20T02:15:34+0100 ROOT TEMPLATE.CREATE Successfully created entity for creating template INFO
DEBUG:root:
JaaSTeam 2015-04-20T02:11:53+0100 ROOT TEMPLATE.CREATE Successfully created entity for creating template INFO
DEBUG:root:
JaaSTeam 2015-04-20T02:04:16+0100 ROOT USER.LOGIN user has logged in from IP Address 197.2.215.250 INFO
DEBUG:root:
JaaSTeam 2015-04-20T01:10:31+0100 ROOT VM.START starting Vm. Vm Id: 429 INFO
DEBUG:root:
JaaSTeam 2015-04-20T01:10:31+0100 ROOT VM.START Successfully completed starting Vm. Vm Id: 429 INFO
DEBUG:root:
JaaSTeam 2015-04-20T01:10:30+0100 ROOT VM.START starting user vm: 429 INFO
DEBUG:root:
JaaSTeam 2015-04-20T01:05:00+0100 ROOT USER.LOGIN user has logged in from IP Address 172.16.222.48 INFO
DEBUG:root:
JaaSTeam 2015-04-20T00:36:24+0100 ROOT USER.LOGIN user has logged in from IP Address 172.16.214.142 INFO
DEBUG:root:
JaaSTeam 2015-04-20T02:15:34+0100 ROOT TEMPLATE.CREATE Successfully created entity for creating template INFO
DEBUG:root:
JaaSTeam 2015-04-20T02:11:53+0100 ROOT TEMPLATE.CREATE Successfully created entity for creating template INFO
DEBUG:root:
JaaSTeam 2015-04-20T02:04:16+0100 ROOT USER.LOGIN user has logged in from IP Address 197.2.215.250 INFO
DEBUG:root:
JaaSTeam 2015-04-20T01:10:31+0100 ROOT VM.START starting Vm. Vm Id: 429 INFO
DEBUG:root:
JaaSTeam 2015-04-20T01:10:31+0100 ROOT VM.START Successfully completed starting Vm. Vm Id: 429 INFO
DEBUG:root:
JaaSTeam 2015-04-20T01:10:30+0100 ROOT VM.START starting user vm: 429 INFO
DEBUG:root:
JaaSTeam 2015-04-20T01:05:00+0100 ROOT USER.LOGIN user has logged in from IP Address 172.16.222.48 INFO
DEBUG:root:
JaaSTeam 2015-04-20T00:36:24+0100 ROOT USER.LOGIN user has logged in from IP Address 172.16.214.142 INFO
DEBUG:root:
Account 	Created  	Domain  	Type 	Description 	Level
DEBUG:root:
JaaSTeam 2015-04-20T09:15:11+0100 ROOT TEMPLATE.CREATE Successfully created entity for creating template INFO
DEBUG:root:
JaaSTeam 2015-04-20T09:13:52+0100 ROOT NET.RULEADD Successfully created entity for creating forwarding rule INFO
DEBUG:root:
JaaSTeam 2015-04-20T09:13:36+0100 ROOT NET.RULEADD Successfully completed applying port forwarding rule. Rule Id: 258 INFO
DEBUG:root:
JaaSTeam 2015-04-20T09:13:35+0100 ROOT NET.RULEADD Successfully created entity for creating forwarding rule. Rule Id: 258 INFO
DEBUG:root:
JaaSTeam 2015-04-20T09:13:35+0100 ROOT NET.RULEADD Applying port forwarding  rule for Ip: 172.16.0.131 with virtual machine:429 INFO
DEBUG:root:
JaaSTeam 2015-04-20T09:13:35+0100 ROOT NET.RULEADD applying port forwarding rule. Rule Id: 258 INFO
DEBUG:root:
JaaSTeam 2015-04-20T09:13:35+0100 ROOT FIREWALL.OPEN Successfully created entity for creating firewall rule. Rule Id: 259 INFO
DEBUG:root:
JaaSTeam 2015-04-20T09:12:25+0100 ROOT NET.RULEADD Successfully created entity for creating forwarding rule INFO
DEBUG:root:
JaaSTeam 2015-04-20T09:12:02+0100 ROOT VM.STOP Successfully completed stopping Vm. Vm Id: 429 INFO
DEBUG:root:
JaaSTeam 2015-04-20T09:11:49+0100 ROOT VM.STOP stopping Vm. Vm Id: 429 INFO
DEBUG:root:
JaaSTeam 2015-04-20T09:11:49+0100 ROOT VM.STOP stopping user vm: 429 INFO
DEBUG:root:
JaaSTeam 2015-04-20T02:15:34+0100 ROOT TEMPLATE.CREATE Successfully created entity for creating template INFO
DEBUG:root:
JaaSTeam 2015-04-20T02:11:53+0100 ROOT TEMPLATE.CREATE Successfully created entity for creating template INFO
DEBUG:root:
JaaSTeam 2015-04-20T02:04:16+0100 ROOT USER.LOGIN user has logged in from IP Address 197.2.215.250 INFO
DEBUG:root:
JaaSTeam 2015-04-20T01:10:31+0100 ROOT VM.START starting Vm. Vm Id: 429 INFO
DEBUG:root:
JaaSTeam 2015-04-20T01:10:31+0100 ROOT VM.START Successfully completed starting Vm. Vm Id: 429 INFO
DEBUG:root:
JaaSTeam 2015-04-20T01:10:30+0100 ROOT VM.START starting user vm: 429 INFO
DEBUG:root:
JaaSTeam 2015-04-20T01:05:00+0100 ROOT USER.LOGIN user has logged in from IP Address 172.16.222.48 INFO
DEBUG:root:
JaaSTeam 2015-04-20T00:36:24+0100 ROOT USER.LOGIN user has logged in from IP Address 172.16.214.142 INFO
